Determining if the pthread_create exist failed with the following output:
Change Dir: /home/tomtzook/projects/jpixy/pixyusb/build/cmake/CMakeFiles/CMakeTmp

Run Build Command:"/usr/bin/make" "cmTC_aa669/fast"
/usr/bin/make -f CMakeFiles/cmTC_aa669.dir/build.make CMakeFiles/cmTC_aa669.dir/build
make[1]: Entering directory '/home/tomtzook/projects/jpixy/pixyusb/build/cmake/CMakeFiles/CMakeTmp'
Building CXX object CMakeFiles/cmTC_aa669.dir/CheckSymbolExists.cxx.o
/usr/bin/c++     -o CMakeFiles/cmTC_aa669.dir/CheckSymbolExists.cxx.o -c /home/tomtzook/projects/jpixy/pixyusb/build/cmake/CMakeFiles/CMakeTmp/CheckSymbolExists.cxx
Linking CXX executable cmTC_aa669
/usr/bin/cmake -E cmake_link_script CMakeFiles/cmTC_aa669.dir/link.txt --verbose=1
/usr/bin/c++       -rdynamic CMakeFiles/cmTC_aa669.dir/CheckSymbolExists.cxx.o  -o cmTC_aa669 
CMakeFiles/cmTC_aa669.dir/CheckSymbolExists.cxx.o: In function `main':
CheckSymbolExists.cxx:(.text+0x1b): undefined reference to `pthread_create'
collect2: error: ld returned 1 exit status
CMakeFiles/cmTC_aa669.dir/build.make:97: recipe for target 'cmTC_aa669' failed
make[1]: *** [cmTC_aa669] Error 1
make[1]: Leaving directory '/home/tomtzook/projects/jpixy/pixyusb/build/cmake/CMakeFiles/CMakeTmp'
Makefile:126: recipe for target 'cmTC_aa669/fast' failed
make: *** [cmTC_aa669/fast] Error 2

File /home/tomtzook/projects/jpixy/pixyusb/build/cmake/CMakeFiles/CMakeTmp/CheckSymbolExists.cxx:
/* */
#include <pthread.h>

int main(int argc, char** argv)
{
  (void)argv;
#ifndef pthread_create
  return ((int*)(&pthread_create))[argc];
#else
  (void)argc;
  return 0;
#endif
}

Determining if the function pthread_create exists in the pthreads failed with the following output:
Change Dir: /home/tomtzook/projects/jpixy/pixyusb/build/cmake/CMakeFiles/CMakeTmp

Run Build Command:"/usr/bin/make" "cmTC_db0ea/fast"
/usr/bin/make -f CMakeFiles/cmTC_db0ea.dir/build.make CMakeFiles/cmTC_db0ea.dir/build
make[1]: Entering directory '/home/tomtzook/projects/jpixy/pixyusb/build/cmake/CMakeFiles/CMakeTmp'
Building CXX object CMakeFiles/cmTC_db0ea.dir/CheckFunctionExists.cxx.o
/usr/bin/c++    -DCHECK_FUNCTION_EXISTS=pthread_create   -o CMakeFiles/cmTC_db0ea.dir/CheckFunctionExists.cxx.o -c /home/tomtzook/projects/jpixy/pixyusb/build/cmake/CMakeFiles/CheckLibraryExists/CheckFunctionExists.cxx
Linking CXX executable cmTC_db0ea
/usr/bin/cmake -E cmake_link_script CMakeFiles/cmTC_db0ea.dir/link.txt --verbose=1
/usr/bin/c++   -DCHECK_FUNCTION_EXISTS=pthread_create    -rdynamic CMakeFiles/cmTC_db0ea.dir/CheckFunctionExists.cxx.o  -o cmTC_db0ea -lpthreads 
/usr/bin/ld: cannot find -lpthreads
collect2: error: ld returned 1 exit status
CMakeFiles/cmTC_db0ea.dir/build.make:97: recipe for target 'cmTC_db0ea' failed
make[1]: *** [cmTC_db0ea] Error 1
make[1]: Leaving directory '/home/tomtzook/projects/jpixy/pixyusb/build/cmake/CMakeFiles/CMakeTmp'
Makefile:126: recipe for target 'cmTC_db0ea/fast' failed
make: *** [cmTC_db0ea/fast] Error 2


